{"D:\\Dex-EC\\datn\\src\\constants.ts": {"path":"D:\\Dex-EC\\datn\\src\\constants.ts","statementMap":{"0":{"start":{"line":4,"column":3},"end":{"line":4,"column":null}},"1":{"start":{"line":5,"column":30},"end":{"line":5,"column":null}},"2":{"start":{"line":6,"column":29},"end":{"line":6,"column":null}},"3":{"start":{"line":9,"column":23},"end":{"line":14,"column":null}},"4":{"start":{"line":17,"column":26},"end":{"line":20,"column":null}},"5":{"start":{"line":23,"column":28},"end":{"line":31,"column":null}},"6":{"start":{"line":34,"column":29},"end":{"line":41,"column":null}},"7":{"start":{"line":44,"column":28},"end":{"line":44,"column":null}},"8":{"start":{"line":45,"column":24},"end":{"line":45,"column":null}},"9":{"start":{"line":48,"column":23},"end":{"line":48,"column":null}},"10":{"start":{"line":48,"column":48},"end":{"line":48,"column":null}},"11":{"start":{"line":51,"column":21},"end":{"line":51,"column":null}},"12":{"start":{"line":51,"column":48},"end":{"line":51,"column":null}}},"fnMap":{"0":{"name":"(anonymous_0)","decl":{"start":{"line":48,"column":23},"end":{"line":48,"column":24}},"loc":{"start":{"line":48,"column":48},"end":{"line":48,"column":null}},"line":48},"1":{"name":"(anonymous_1)","decl":{"start":{"line":51,"column":21},"end":{"line":51,"column":22}},"loc":{"start":{"line":51,"column":48},"end":{"line":51,"column":null}},"line":51}},"branchMap":{"0":{"loc":{"start":{"line":4,"column":3},"end":{"line":4,"column":null}},"type":"binary-expr","locations":[{"start":{"line":4,"column":3},"end":{"line":4,"column":54}},{"start":{"line":4,"column":54},"end":{"line":4,"column":null}}],"line":4},"1":{"loc":{"start":{"line":5,"column":30},"end":{"line":5,"column":null}},"type":"binary-expr","locations":[{"start":{"line":5,"column":30},"end":{"line":5,"column":72}},{"start":{"line":5,"column":72},"end":{"line":5,"column":null}}],"line":5}},"s":{"0":4,"1":4,"2":4,"3":4,"4":4,"5":4,"6":4,"7":4,"8":4,"9":4,"10":0,"11":4,"12":0},"f":{"0":0,"1":0},"b":{"0":[4,4],"1":[4,4]},"meta":{"lastBranch":2,"lastFunction":2,"lastStatement":13,"seen":{"s:4:3:4:Infinity":0,"b:4:3:4:54:4:54:4:Infinity":0,"s:5:30:5:Infinity":1,"b:5:30:5:72:5:72:5:Infinity":1,"s:6:29:6:Infinity":2,"s:9:23:14:Infinity":3,"s:17:26:20:Infinity":4,"s:23:28:31:Infinity":5,"s:34:29:41:Infinity":6,"s:44:28:44:Infinity":7,"s:45:24:45:Infinity":8,"s:48:23:48:Infinity":9,"f:48:23:48:24":0,"s:48:48:48:Infinity":10,"s:51:21:51:Infinity":11,"f:51:21:51:22":1,"s:51:48:51:Infinity":12}}}
,"D:\\Dex-EC\\datn\\src\\lib\\contracts\\escrow.ts": {"path":"D:\\Dex-EC\\datn\\src\\lib\\contracts\\escrow.ts","statementMap":{"0":{"start":{"line":22,"column":41},"end":{"line":33,"column":null}},"1":{"start":{"line":25,"column":73},"end":{"line":25,"column":null}},"2":{"start":{"line":27,"column":2},"end":{"line":32,"column":null}},"3":{"start":{"line":38,"column":28},"end":{"line":49,"column":null}},"4":{"start":{"line":41,"column":47},"end":{"line":41,"column":null}},"5":{"start":{"line":43,"column":2},"end":{"line":48,"column":null}},"6":{"start":{"line":54,"column":46},"end":{"line":65,"column":null}},"7":{"start":{"line":57,"column":48},"end":{"line":57,"column":null}},"8":{"start":{"line":59,"column":2},"end":{"line":64,"column":null}},"9":{"start":{"line":70,"column":33},"end":{"line":81,"column":null}},"10":{"start":{"line":73,"column":41},"end":{"line":73,"column":null}},"11":{"start":{"line":75,"column":2},"end":{"line":80,"column":null}},"12":{"start":{"line":88,"column":30},"end":{"line":159,"column":null}},"13":{"start":{"line":91,"column":2},"end":{"line":158,"column":null}},"14":{"start":{"line":92,"column":19},"end":{"line":97,"column":null}},"15":{"start":{"line":99,"column":4},"end":{"line":101,"column":null}},"16":{"start":{"line":100,"column":6},"end":{"line":100,"column":null}},"17":{"start":{"line":119,"column":8},"end":{"line":119,"column":null}},"18":{"start":{"line":137,"column":4},"end":{"line":154,"column":null}},"19":{"start":{"line":156,"column":4},"end":{"line":156,"column":null}},"20":{"start":{"line":157,"column":4},"end":{"line":157,"column":null}},"21":{"start":{"line":164,"column":36},"end":{"line":180,"column":null}},"22":{"start":{"line":167,"column":2},"end":{"line":179,"column":null}},"23":{"start":{"line":168,"column":19},"end":{"line":173,"column":null}},"24":{"start":{"line":175,"column":4},"end":{"line":175,"column":null}},"25":{"start":{"line":177,"column":4},"end":{"line":177,"column":null}},"26":{"start":{"line":178,"column":4},"end":{"line":178,"column":null}},"27":{"start":{"line":185,"column":37},"end":{"line":201,"column":null}},"28":{"start":{"line":188,"column":2},"end":{"line":200,"column":null}},"29":{"start":{"line":189,"column":19},"end":{"line":194,"column":null}},"30":{"start":{"line":196,"column":4},"end":{"line":196,"column":null}},"31":{"start":{"line":198,"column":4},"end":{"line":198,"column":null}},"32":{"start":{"line":199,"column":4},"end":{"line":199,"column":null}},"33":{"start":{"line":206,"column":31},"end":{"line":222,"column":null}},"34":{"start":{"line":209,"column":2},"end":{"line":221,"column":null}},"35":{"start":{"line":210,"column":19},"end":{"line":215,"column":null}},"36":{"start":{"line":217,"column":4},"end":{"line":217,"column":null}},"37":{"start":{"line":219,"column":4},"end":{"line":219,"column":null}},"38":{"start":{"line":220,"column":4},"end":{"line":220,"column":null}},"39":{"start":{"line":227,"column":32},"end":{"line":243,"column":null}},"40":{"start":{"line":230,"column":2},"end":{"line":242,"column":null}},"41":{"start":{"line":231,"column":19},"end":{"line":236,"column":null}},"42":{"start":{"line":238,"column":4},"end":{"line":238,"column":null}},"43":{"start":{"line":240,"column":4},"end":{"line":240,"column":null}},"44":{"start":{"line":241,"column":4},"end":{"line":241,"column":null}},"45":{"start":{"line":248,"column":31},"end":{"line":264,"column":null}},"46":{"start":{"line":251,"column":2},"end":{"line":263,"column":null}},"47":{"start":{"line":252,"column":19},"end":{"line":257,"column":null}},"48":{"start":{"line":259,"column":4},"end":{"line":259,"column":null}},"49":{"start":{"line":261,"column":4},"end":{"line":261,"column":null}},"50":{"start":{"line":262,"column":4},"end":{"line":262,"column":null}},"51":{"start":{"line":269,"column":30},"end":{"line":285,"column":null}},"52":{"start":{"line":272,"column":2},"end":{"line":284,"column":null}},"53":{"start":{"line":273,"column":19},"end":{"line":278,"column":null}},"54":{"start":{"line":280,"column":4},"end":{"line":280,"column":null}},"55":{"start":{"line":282,"column":4},"end":{"line":282,"column":null}},"56":{"start":{"line":283,"column":4},"end":{"line":283,"column":null}},"57":{"start":{"line":290,"column":30},"end":{"line":306,"column":null}},"58":{"start":{"line":293,"column":2},"end":{"line":305,"column":null}},"59":{"start":{"line":294,"column":19},"end":{"line":299,"column":null}},"60":{"start":{"line":301,"column":4},"end":{"line":301,"column":null}},"61":{"start":{"line":303,"column":4},"end":{"line":303,"column":null}},"62":{"start":{"line":304,"column":4},"end":{"line":304,"column":null}},"63":{"start":{"line":311,"column":31},"end":{"line":327,"column":null}},"64":{"start":{"line":314,"column":2},"end":{"line":326,"column":null}},"65":{"start":{"line":315,"column":19},"end":{"line":320,"column":null}},"66":{"start":{"line":322,"column":4},"end":{"line":322,"column":null}},"67":{"start":{"line":324,"column":4},"end":{"line":324,"column":null}},"68":{"start":{"line":325,"column":4},"end":{"line":325,"column":null}}},"fnMap":{"0":{"name":"(anonymous_0)","decl":{"start":{"line":22,"column":41},"end":{"line":22,"column":null}},"loc":{"start":{"line":24,"column":27},"end":{"line":33,"column":null}},"line":24},"1":{"name":"(anonymous_1)","decl":{"start":{"line":38,"column":28},"end":{"line":38,"column":null}},"loc":{"start":{"line":40,"column":27},"end":{"line":49,"column":null}},"line":40},"2":{"name":"(anonymous_2)","decl":{"start":{"line":54,"column":46},"end":{"line":54,"column":null}},"loc":{"start":{"line":56,"column":27},"end":{"line":65,"column":null}},"line":56},"3":{"name":"(anonymous_3)","decl":{"start":{"line":70,"column":33},"end":{"line":70,"column":null}},"loc":{"start":{"line":72,"column":27},"end":{"line":81,"column":null}},"line":72},"4":{"name":"(anonymous_4)","decl":{"start":{"line":88,"column":30},"end":{"line":88,"column":null}},"loc":{"start":{"line":90,"column":34},"end":{"line":159,"column":null}},"line":90},"5":{"name":"(anonymous_5)","decl":{"start":{"line":164,"column":36},"end":{"line":164,"column":null}},"loc":{"start":{"line":166,"column":24},"end":{"line":180,"column":null}},"line":166},"6":{"name":"(anonymous_6)","decl":{"start":{"line":185,"column":37},"end":{"line":185,"column":null}},"loc":{"start":{"line":187,"column":24},"end":{"line":201,"column":null}},"line":187},"7":{"name":"(anonymous_7)","decl":{"start":{"line":206,"column":31},"end":{"line":206,"column":null}},"loc":{"start":{"line":208,"column":22},"end":{"line":222,"column":null}},"line":208},"8":{"name":"(anonymous_8)","decl":{"start":{"line":227,"column":32},"end":{"line":227,"column":null}},"loc":{"start":{"line":229,"column":22},"end":{"line":243,"column":null}},"line":229},"9":{"name":"(anonymous_9)","decl":{"start":{"line":248,"column":31},"end":{"line":248,"column":null}},"loc":{"start":{"line":250,"column":22},"end":{"line":264,"column":null}},"line":250},"10":{"name":"(anonymous_10)","decl":{"start":{"line":269,"column":30},"end":{"line":269,"column":null}},"loc":{"start":{"line":271,"column":22},"end":{"line":285,"column":null}},"line":271},"11":{"name":"(anonymous_11)","decl":{"start":{"line":290,"column":30},"end":{"line":290,"column":null}},"loc":{"start":{"line":292,"column":23},"end":{"line":306,"column":null}},"line":292},"12":{"name":"(anonymous_12)","decl":{"start":{"line":311,"column":31},"end":{"line":311,"column":null}},"loc":{"start":{"line":313,"column":23},"end":{"line":327,"column":null}},"line":313}},"branchMap":{"0":{"loc":{"start":{"line":99,"column":4},"end":{"line":101,"column":null}},"type":"if","locations":[{"start":{"line":99,"column":4},"end":{"line":101,"column":null}},{"start":{},"end":{}}],"line":99},"1":{"loc":{"start":{"line":99,"column":8},"end":{"line":99,"column":40}},"type":"binary-expr","locations":[{"start":{"line":99,"column":8},"end":{"line":99,"column":19}},{"start":{"line":99,"column":19},"end":{"line":99,"column":40}}],"line":99}},"s":{"0":1,"1":3,"2":3,"3":1,"4":2,"5":2,"6":1,"7":2,"8":2,"9":1,"10":2,"11":2,"12":1,"13":4,"14":4,"15":3,"16":1,"17":2,"18":2,"19":1,"20":1,"21":1,"22":2,"23":2,"24":2,"25":0,"26":0,"27":1,"28":1,"29":1,"30":1,"31":0,"32":0,"33":1,"34":2,"35":2,"36":1,"37":1,"38":1,"39":1,"40":1,"41":1,"42":1,"43":0,"44":0,"45":1,"46":7,"47":7,"48":7,"49":0,"50":0,"51":1,"52":2,"53":2,"54":2,"55":0,"56":0,"57":1,"58":1,"59":1,"60":1,"61":0,"62":0,"63":1,"64":2,"65":2,"66":2,"67":0,"68":0},"f":{"0":3,"1":2,"2":2,"3":2,"4":4,"5":2,"6":1,"7":2,"8":1,"9":7,"10":2,"11":1,"12":2},"b":{"0":[1,2],"1":[3,3]},"meta":{"lastBranch":2,"lastFunction":13,"lastStatement":69,"seen":{"s:22:41:33:Infinity":0,"f:22:41:22:Infinity":0,"s:25:73:25:Infinity":1,"s:27:2:32:Infinity":2,"s:38:28:49:Infinity":3,"f:38:28:38:Infinity":1,"s:41:47:41:Infinity":4,"s:43:2:48:Infinity":5,"s:54:46:65:Infinity":6,"f:54:46:54:Infinity":2,"s:57:48:57:Infinity":7,"s:59:2:64:Infinity":8,"s:70:33:81:Infinity":9,"f:70:33:70:Infinity":3,"s:73:41:73:Infinity":10,"s:75:2:80:Infinity":11,"s:88:30:159:Infinity":12,"f:88:30:88:Infinity":4,"s:91:2:158:Infinity":13,"s:92:19:97:Infinity":14,"b:99:4:101:Infinity:undefined:undefined:undefined:undefined":0,"s:99:4:101:Infinity":15,"b:99:8:99:19:99:19:99:40":1,"s:100:6:100:Infinity":16,"s:119:8:119:Infinity":17,"s:137:4:154:Infinity":18,"s:156:4:156:Infinity":19,"s:157:4:157:Infinity":20,"s:164:36:180:Infinity":21,"f:164:36:164:Infinity":5,"s:167:2:179:Infinity":22,"s:168:19:173:Infinity":23,"s:175:4:175:Infinity":24,"s:177:4:177:Infinity":25,"s:178:4:178:Infinity":26,"s:185:37:201:Infinity":27,"f:185:37:185:Infinity":6,"s:188:2:200:Infinity":28,"s:189:19:194:Infinity":29,"s:196:4:196:Infinity":30,"s:198:4:198:Infinity":31,"s:199:4:199:Infinity":32,"s:206:31:222:Infinity":33,"f:206:31:206:Infinity":7,"s:209:2:221:Infinity":34,"s:210:19:215:Infinity":35,"s:217:4:217:Infinity":36,"s:219:4:219:Infinity":37,"s:220:4:220:Infinity":38,"s:227:32:243:Infinity":39,"f:227:32:227:Infinity":8,"s:230:2:242:Infinity":40,"s:231:19:236:Infinity":41,"s:238:4:238:Infinity":42,"s:240:4:240:Infinity":43,"s:241:4:241:Infinity":44,"s:248:31:264:Infinity":45,"f:248:31:248:Infinity":9,"s:251:2:263:Infinity":46,"s:252:19:257:Infinity":47,"s:259:4:259:Infinity":48,"s:261:4:261:Infinity":49,"s:262:4:262:Infinity":50,"s:269:30:285:Infinity":51,"f:269:30:269:Infinity":10,"s:272:2:284:Infinity":52,"s:273:19:278:Infinity":53,"s:280:4:280:Infinity":54,"s:282:4:282:Infinity":55,"s:283:4:283:Infinity":56,"s:290:30:306:Infinity":57,"f:290:30:290:Infinity":11,"s:293:2:305:Infinity":58,"s:294:19:299:Infinity":59,"s:301:4:301:Infinity":60,"s:303:4:303:Infinity":61,"s:304:4:304:Infinity":62,"s:311:31:327:Infinity":63,"f:311:31:311:Infinity":12,"s:314:2:326:Infinity":64,"s:315:19:320:Infinity":65,"s:322:4:322:Infinity":66,"s:324:4:324:Infinity":67,"s:325:4:325:Infinity":68}}}
,"D:\\Dex-EC\\datn\\src\\lib\\contracts\\order.ts": {"path":"D:\\Dex-EC\\datn\\src\\lib\\contracts\\order.ts","statementMap":{"0":{"start":{"line":21,"column":26},"end":{"line":32,"column":null}},"1":{"start":{"line":24,"column":63},"end":{"line":24,"column":null}},"2":{"start":{"line":26,"column":2},"end":{"line":31,"column":null}},"3":{"start":{"line":37,"column":33},"end":{"line":48,"column":null}},"4":{"start":{"line":40,"column":38},"end":{"line":40,"column":null}},"5":{"start":{"line":42,"column":2},"end":{"line":47,"column":null}},"6":{"start":{"line":53,"column":27},"end":{"line":64,"column":null}},"7":{"start":{"line":56,"column":35},"end":{"line":56,"column":null}},"8":{"start":{"line":58,"column":2},"end":{"line":63,"column":null}},"9":{"start":{"line":69,"column":37},"end":{"line":79,"column":null}},"10":{"start":{"line":73,"column":2},"end":{"line":78,"column":null}},"11":{"start":{"line":84,"column":29},"end":{"line":93,"column":null}},"12":{"start":{"line":87,"column":2},"end":{"line":92,"column":null}},"13":{"start":{"line":100,"column":24},"end":{"line":162,"column":null}},"14":{"start":{"line":103,"column":2},"end":{"line":161,"column":null}},"15":{"start":{"line":104,"column":19},"end":{"line":109,"column":null}},"16":{"start":{"line":111,"column":4},"end":{"line":113,"column":null}},"17":{"start":{"line":112,"column":6},"end":{"line":112,"column":null}},"18":{"start":{"line":128,"column":8},"end":{"line":128,"column":null}},"19":{"start":{"line":143,"column":4},"end":{"line":157,"column":null}},"20":{"start":{"line":159,"column":4},"end":{"line":159,"column":null}},"21":{"start":{"line":160,"column":4},"end":{"line":160,"column":null}},"22":{"start":{"line":167,"column":30},"end":{"line":183,"column":null}},"23":{"start":{"line":170,"column":2},"end":{"line":182,"column":null}},"24":{"start":{"line":171,"column":19},"end":{"line":176,"column":null}},"25":{"start":{"line":178,"column":4},"end":{"line":178,"column":null}},"26":{"start":{"line":180,"column":4},"end":{"line":180,"column":null}},"27":{"start":{"line":181,"column":4},"end":{"line":181,"column":null}},"28":{"start":{"line":188,"column":31},"end":{"line":204,"column":null}},"29":{"start":{"line":191,"column":2},"end":{"line":203,"column":null}},"30":{"start":{"line":192,"column":19},"end":{"line":197,"column":null}},"31":{"start":{"line":199,"column":4},"end":{"line":199,"column":null}},"32":{"start":{"line":201,"column":4},"end":{"line":201,"column":null}},"33":{"start":{"line":202,"column":4},"end":{"line":202,"column":null}},"34":{"start":{"line":209,"column":30},"end":{"line":225,"column":null}},"35":{"start":{"line":212,"column":2},"end":{"line":224,"column":null}},"36":{"start":{"line":213,"column":19},"end":{"line":218,"column":null}},"37":{"start":{"line":220,"column":4},"end":{"line":220,"column":null}},"38":{"start":{"line":222,"column":4},"end":{"line":222,"column":null}},"39":{"start":{"line":223,"column":4},"end":{"line":223,"column":null}},"40":{"start":{"line":230,"column":27},"end":{"line":246,"column":null}},"41":{"start":{"line":233,"column":2},"end":{"line":245,"column":null}},"42":{"start":{"line":234,"column":19},"end":{"line":239,"column":null}},"43":{"start":{"line":241,"column":4},"end":{"line":241,"column":null}},"44":{"start":{"line":243,"column":4},"end":{"line":243,"column":null}},"45":{"start":{"line":244,"column":4},"end":{"line":244,"column":null}},"46":{"start":{"line":251,"column":30},"end":{"line":267,"column":null}},"47":{"start":{"line":254,"column":2},"end":{"line":266,"column":null}},"48":{"start":{"line":255,"column":19},"end":{"line":260,"column":null}},"49":{"start":{"line":262,"column":4},"end":{"line":262,"column":null}},"50":{"start":{"line":264,"column":4},"end":{"line":264,"column":null}},"51":{"start":{"line":265,"column":4},"end":{"line":265,"column":null}}},"fnMap":{"0":{"name":"(anonymous_0)","decl":{"start":{"line":21,"column":26},"end":{"line":21,"column":null}},"loc":{"start":{"line":23,"column":27},"end":{"line":32,"column":null}},"line":23},"1":{"name":"(anonymous_1)","decl":{"start":{"line":37,"column":33},"end":{"line":37,"column":null}},"loc":{"start":{"line":39,"column":27},"end":{"line":48,"column":null}},"line":39},"2":{"name":"(anonymous_2)","decl":{"start":{"line":53,"column":27},"end":{"line":53,"column":null}},"loc":{"start":{"line":55,"column":27},"end":{"line":64,"column":null}},"line":55},"3":{"name":"(anonymous_3)","decl":{"start":{"line":69,"column":37},"end":{"line":69,"column":null}},"loc":{"start":{"line":72,"column":27},"end":{"line":79,"column":null}},"line":72},"4":{"name":"(anonymous_4)","decl":{"start":{"line":84,"column":29},"end":{"line":84,"column":null}},"loc":{"start":{"line":86,"column":27},"end":{"line":93,"column":null}},"line":86},"5":{"name":"(anonymous_5)","decl":{"start":{"line":100,"column":24},"end":{"line":100,"column":null}},"loc":{"start":{"line":102,"column":28},"end":{"line":162,"column":null}},"line":102},"6":{"name":"(anonymous_6)","decl":{"start":{"line":167,"column":30},"end":{"line":167,"column":null}},"loc":{"start":{"line":169,"column":24},"end":{"line":183,"column":null}},"line":169},"7":{"name":"(anonymous_7)","decl":{"start":{"line":188,"column":31},"end":{"line":188,"column":null}},"loc":{"start":{"line":190,"column":24},"end":{"line":204,"column":null}},"line":190},"8":{"name":"(anonymous_8)","decl":{"start":{"line":209,"column":30},"end":{"line":209,"column":null}},"loc":{"start":{"line":211,"column":22},"end":{"line":225,"column":null}},"line":211},"9":{"name":"(anonymous_9)","decl":{"start":{"line":230,"column":27},"end":{"line":230,"column":null}},"loc":{"start":{"line":232,"column":23},"end":{"line":246,"column":null}},"line":232},"10":{"name":"(anonymous_10)","decl":{"start":{"line":251,"column":30},"end":{"line":251,"column":null}},"loc":{"start":{"line":253,"column":23},"end":{"line":267,"column":null}},"line":253}},"branchMap":{"0":{"loc":{"start":{"line":111,"column":4},"end":{"line":113,"column":null}},"type":"if","locations":[{"start":{"line":111,"column":4},"end":{"line":113,"column":null}},{"start":{},"end":{}}],"line":111},"1":{"loc":{"start":{"line":111,"column":8},"end":{"line":111,"column":40}},"type":"binary-expr","locations":[{"start":{"line":111,"column":8},"end":{"line":111,"column":19}},{"start":{"line":111,"column":19},"end":{"line":111,"column":40}}],"line":111}},"s":{"0":1,"1":5,"2":5,"3":1,"4":8,"5":8,"6":1,"7":1,"8":1,"9":1,"10":2,"11":1,"12":1,"13":1,"14":3,"15":3,"16":2,"17":1,"18":1,"19":1,"20":1,"21":1,"22":1,"23":2,"24":2,"25":2,"26":0,"27":0,"28":1,"29":1,"30":1,"31":1,"32":0,"33":0,"34":1,"35":1,"36":1,"37":1,"38":0,"39":0,"40":1,"41":1,"42":1,"43":1,"44":0,"45":0,"46":1,"47":2,"48":2,"49":2,"50":0,"51":0},"f":{"0":5,"1":8,"2":1,"3":2,"4":1,"5":3,"6":2,"7":1,"8":1,"9":1,"10":2},"b":{"0":[1,1],"1":[2,2]},"meta":{"lastBranch":2,"lastFunction":11,"lastStatement":52,"seen":{"s:21:26:32:Infinity":0,"f:21:26:21:Infinity":0,"s:24:63:24:Infinity":1,"s:26:2:31:Infinity":2,"s:37:33:48:Infinity":3,"f:37:33:37:Infinity":1,"s:40:38:40:Infinity":4,"s:42:2:47:Infinity":5,"s:53:27:64:Infinity":6,"f:53:27:53:Infinity":2,"s:56:35:56:Infinity":7,"s:58:2:63:Infinity":8,"s:69:37:79:Infinity":9,"f:69:37:69:Infinity":3,"s:73:2:78:Infinity":10,"s:84:29:93:Infinity":11,"f:84:29:84:Infinity":4,"s:87:2:92:Infinity":12,"s:100:24:162:Infinity":13,"f:100:24:100:Infinity":5,"s:103:2:161:Infinity":14,"s:104:19:109:Infinity":15,"b:111:4:113:Infinity:undefined:undefined:undefined:undefined":0,"s:111:4:113:Infinity":16,"b:111:8:111:19:111:19:111:40":1,"s:112:6:112:Infinity":17,"s:128:8:128:Infinity":18,"s:143:4:157:Infinity":19,"s:159:4:159:Infinity":20,"s:160:4:160:Infinity":21,"s:167:30:183:Infinity":22,"f:167:30:167:Infinity":6,"s:170:2:182:Infinity":23,"s:171:19:176:Infinity":24,"s:178:4:178:Infinity":25,"s:180:4:180:Infinity":26,"s:181:4:181:Infinity":27,"s:188:31:204:Infinity":28,"f:188:31:188:Infinity":7,"s:191:2:203:Infinity":29,"s:192:19:197:Infinity":30,"s:199:4:199:Infinity":31,"s:201:4:201:Infinity":32,"s:202:4:202:Infinity":33,"s:209:30:225:Infinity":34,"f:209:30:209:Infinity":8,"s:212:2:224:Infinity":35,"s:213:19:218:Infinity":36,"s:220:4:220:Infinity":37,"s:222:4:222:Infinity":38,"s:223:4:223:Infinity":39,"s:230:27:246:Infinity":40,"f:230:27:230:Infinity":9,"s:233:2:245:Infinity":41,"s:234:19:239:Infinity":42,"s:241:4:241:Infinity":43,"s:243:4:243:Infinity":44,"s:244:4:244:Infinity":45,"s:251:30:267:Infinity":46,"f:251:30:251:Infinity":10,"s:254:2:266:Infinity":47,"s:255:19:260:Infinity":48,"s:262:4:262:Infinity":49,"s:264:4:264:Infinity":50,"s:265:4:265:Infinity":51}}}
,"D:\\Dex-EC\\datn\\src\\lib\\contracts\\product.ts": {"path":"D:\\Dex-EC\\datn\\src\\lib\\contracts\\product.ts","statementMap":{"0":{"start":{"line":21,"column":29},"end":{"line":32,"column":null}},"1":{"start":{"line":24,"column":71},"end":{"line":24,"column":null}},"2":{"start":{"line":26,"column":2},"end":{"line":31,"column":null}},"3":{"start":{"line":37,"column":29},"end":{"line":55,"column":null}},"4":{"start":{"line":40,"column":77},"end":{"line":40,"column":null}},"5":{"start":{"line":42,"column":2},"end":{"line":54,"column":null}},"6":{"start":{"line":60,"column":31},"end":{"line":71,"column":null}},"7":{"start":{"line":63,"column":49},"end":{"line":63,"column":null}},"8":{"start":{"line":65,"column":2},"end":{"line":70,"column":null}},"9":{"start":{"line":76,"column":38},"end":{"line":86,"column":null}},"10":{"start":{"line":80,"column":2},"end":{"line":85,"column":null}},"11":{"start":{"line":91,"column":29},"end":{"line":100,"column":null}},"12":{"start":{"line":94,"column":2},"end":{"line":99,"column":null}},"13":{"start":{"line":107,"column":26},"end":{"line":169,"column":null}},"14":{"start":{"line":110,"column":2},"end":{"line":168,"column":null}},"15":{"start":{"line":111,"column":19},"end":{"line":116,"column":null}},"16":{"start":{"line":118,"column":4},"end":{"line":120,"column":null}},"17":{"start":{"line":119,"column":6},"end":{"line":119,"column":null}},"18":{"start":{"line":135,"column":8},"end":{"line":135,"column":null}},"19":{"start":{"line":150,"column":4},"end":{"line":164,"column":null}},"20":{"start":{"line":166,"column":4},"end":{"line":166,"column":null}},"21":{"start":{"line":167,"column":4},"end":{"line":167,"column":null}},"22":{"start":{"line":174,"column":33},"end":{"line":190,"column":null}},"23":{"start":{"line":177,"column":2},"end":{"line":189,"column":null}},"24":{"start":{"line":178,"column":19},"end":{"line":183,"column":null}},"25":{"start":{"line":185,"column":4},"end":{"line":185,"column":null}},"26":{"start":{"line":187,"column":4},"end":{"line":187,"column":null}},"27":{"start":{"line":188,"column":4},"end":{"line":188,"column":null}},"28":{"start":{"line":195,"column":34},"end":{"line":211,"column":null}},"29":{"start":{"line":198,"column":2},"end":{"line":210,"column":null}},"30":{"start":{"line":199,"column":19},"end":{"line":204,"column":null}},"31":{"start":{"line":206,"column":4},"end":{"line":206,"column":null}},"32":{"start":{"line":208,"column":4},"end":{"line":208,"column":null}},"33":{"start":{"line":209,"column":4},"end":{"line":209,"column":null}},"34":{"start":{"line":216,"column":30},"end":{"line":233,"column":null}},"35":{"start":{"line":220,"column":2},"end":{"line":232,"column":null}},"36":{"start":{"line":221,"column":19},"end":{"line":226,"column":null}},"37":{"start":{"line":228,"column":4},"end":{"line":228,"column":null}},"38":{"start":{"line":230,"column":4},"end":{"line":230,"column":null}},"39":{"start":{"line":231,"column":4},"end":{"line":231,"column":null}},"40":{"start":{"line":238,"column":31},"end":{"line":254,"column":null}},"41":{"start":{"line":241,"column":2},"end":{"line":253,"column":null}},"42":{"start":{"line":242,"column":19},"end":{"line":247,"column":null}},"43":{"start":{"line":249,"column":4},"end":{"line":249,"column":null}},"44":{"start":{"line":251,"column":4},"end":{"line":251,"column":null}},"45":{"start":{"line":252,"column":4},"end":{"line":252,"column":null}},"46":{"start":{"line":259,"column":36},"end":{"line":275,"column":null}},"47":{"start":{"line":262,"column":2},"end":{"line":274,"column":null}},"48":{"start":{"line":263,"column":19},"end":{"line":268,"column":null}},"49":{"start":{"line":270,"column":4},"end":{"line":270,"column":null}},"50":{"start":{"line":272,"column":4},"end":{"line":272,"column":null}},"51":{"start":{"line":273,"column":4},"end":{"line":273,"column":null}},"52":{"start":{"line":280,"column":32},"end":{"line":296,"column":null}},"53":{"start":{"line":283,"column":2},"end":{"line":295,"column":null}},"54":{"start":{"line":284,"column":19},"end":{"line":289,"column":null}},"55":{"start":{"line":291,"column":4},"end":{"line":291,"column":null}},"56":{"start":{"line":293,"column":4},"end":{"line":293,"column":null}},"57":{"start":{"line":294,"column":4},"end":{"line":294,"column":null}}},"fnMap":{"0":{"name":"(anonymous_0)","decl":{"start":{"line":21,"column":29},"end":{"line":21,"column":null}},"loc":{"start":{"line":23,"column":27},"end":{"line":32,"column":null}},"line":23},"1":{"name":"(anonymous_1)","decl":{"start":{"line":37,"column":29},"end":{"line":37,"column":null}},"loc":{"start":{"line":39,"column":27},"end":{"line":55,"column":null}},"line":39},"2":{"name":"(anonymous_2)","decl":{"start":{"line":60,"column":31},"end":{"line":60,"column":null}},"loc":{"start":{"line":62,"column":27},"end":{"line":71,"column":null}},"line":62},"3":{"name":"(anonymous_3)","decl":{"start":{"line":76,"column":38},"end":{"line":76,"column":null}},"loc":{"start":{"line":79,"column":27},"end":{"line":86,"column":null}},"line":79},"4":{"name":"(anonymous_4)","decl":{"start":{"line":91,"column":29},"end":{"line":91,"column":null}},"loc":{"start":{"line":93,"column":27},"end":{"line":100,"column":null}},"line":93},"5":{"name":"(anonymous_5)","decl":{"start":{"line":107,"column":26},"end":{"line":107,"column":null}},"loc":{"start":{"line":109,"column":30},"end":{"line":169,"column":null}},"line":109},"6":{"name":"(anonymous_6)","decl":{"start":{"line":174,"column":33},"end":{"line":174,"column":null}},"loc":{"start":{"line":176,"column":24},"end":{"line":190,"column":null}},"line":176},"7":{"name":"(anonymous_7)","decl":{"start":{"line":195,"column":34},"end":{"line":195,"column":null}},"loc":{"start":{"line":197,"column":23},"end":{"line":211,"column":null}},"line":197},"8":{"name":"(anonymous_8)","decl":{"start":{"line":216,"column":30},"end":{"line":216,"column":null}},"loc":{"start":{"line":219,"column":23},"end":{"line":233,"column":null}},"line":219},"9":{"name":"(anonymous_9)","decl":{"start":{"line":238,"column":31},"end":{"line":238,"column":null}},"loc":{"start":{"line":240,"column":22},"end":{"line":254,"column":null}},"line":240},"10":{"name":"(anonymous_10)","decl":{"start":{"line":259,"column":36},"end":{"line":259,"column":null}},"loc":{"start":{"line":261,"column":22},"end":{"line":275,"column":null}},"line":261},"11":{"name":"(anonymous_11)","decl":{"start":{"line":280,"column":32},"end":{"line":280,"column":null}},"loc":{"start":{"line":282,"column":29},"end":{"line":296,"column":null}},"line":282}},"branchMap":{"0":{"loc":{"start":{"line":47,"column":8},"end":{"line":47,"column":null}},"type":"binary-expr","locations":[{"start":{"line":47,"column":8},"end":{"line":47,"column":17}},{"start":{"line":47,"column":17},"end":{"line":47,"column":null}}],"line":47},"1":{"loc":{"start":{"line":48,"column":8},"end":{"line":48,"column":null}},"type":"binary-expr","locations":[{"start":{"line":48,"column":8},"end":{"line":48,"column":23}},{"start":{"line":48,"column":23},"end":{"line":48,"column":null}}],"line":48},"2":{"loc":{"start":{"line":49,"column":8},"end":{"line":49,"column":null}},"type":"binary-expr","locations":[{"start":{"line":49,"column":8},"end":{"line":49,"column":17}},{"start":{"line":49,"column":17},"end":{"line":49,"column":null}}],"line":49},"3":{"loc":{"start":{"line":50,"column":8},"end":{"line":50,"column":null}},"type":"binary-expr","locations":[{"start":{"line":50,"column":8},"end":{"line":50,"column":21}},{"start":{"line":50,"column":21},"end":{"line":50,"column":null}}],"line":50},"4":{"loc":{"start":{"line":51,"column":8},"end":{"line":51,"column":null}},"type":"binary-expr","locations":[{"start":{"line":51,"column":8},"end":{"line":51,"column":20}},{"start":{"line":51,"column":20},"end":{"line":51,"column":null}}],"line":51},"5":{"loc":{"start":{"line":118,"column":4},"end":{"line":120,"column":null}},"type":"if","locations":[{"start":{"line":118,"column":4},"end":{"line":120,"column":null}},{"start":{},"end":{}}],"line":118},"6":{"loc":{"start":{"line":118,"column":8},"end":{"line":118,"column":40}},"type":"binary-expr","locations":[{"start":{"line":118,"column":8},"end":{"line":118,"column":19}},{"start":{"line":118,"column":19},"end":{"line":118,"column":40}}],"line":118}},"s":{"0":1,"1":4,"2":4,"3":1,"4":2,"5":2,"6":1,"7":2,"8":2,"9":1,"10":1,"11":1,"12":1,"13":1,"14":3,"15":3,"16":2,"17":1,"18":1,"19":1,"20":1,"21":1,"22":1,"23":2,"24":2,"25":2,"26":0,"27":0,"28":1,"29":1,"30":1,"31":1,"32":0,"33":0,"34":1,"35":2,"36":2,"37":2,"38":0,"39":0,"40":1,"41":1,"42":1,"43":1,"44":0,"45":0,"46":1,"47":1,"48":1,"49":1,"50":0,"51":0,"52":1,"53":2,"54":2,"55":1,"56":1,"57":1},"f":{"0":4,"1":2,"2":2,"3":1,"4":1,"5":3,"6":2,"7":1,"8":2,"9":1,"10":1,"11":2},"b":{"0":[2,1],"1":[2,1],"2":[2,1],"3":[2,1],"4":[2,1],"5":[1,1],"6":[2,2]},"meta":{"lastBranch":7,"lastFunction":12,"lastStatement":58,"seen":{"s:21:29:32:Infinity":0,"f:21:29:21:Infinity":0,"s:24:71:24:Infinity":1,"s:26:2:31:Infinity":2,"s:37:29:55:Infinity":3,"f:37:29:37:Infinity":1,"s:40:77:40:Infinity":4,"s:42:2:54:Infinity":5,"b:47:8:47:17:47:17:47:Infinity":0,"b:48:8:48:23:48:23:48:Infinity":1,"b:49:8:49:17:49:17:49:Infinity":2,"b:50:8:50:21:50:21:50:Infinity":3,"b:51:8:51:20:51:20:51:Infinity":4,"s:60:31:71:Infinity":6,"f:60:31:60:Infinity":2,"s:63:49:63:Infinity":7,"s:65:2:70:Infinity":8,"s:76:38:86:Infinity":9,"f:76:38:76:Infinity":3,"s:80:2:85:Infinity":10,"s:91:29:100:Infinity":11,"f:91:29:91:Infinity":4,"s:94:2:99:Infinity":12,"s:107:26:169:Infinity":13,"f:107:26:107:Infinity":5,"s:110:2:168:Infinity":14,"s:111:19:116:Infinity":15,"b:118:4:120:Infinity:undefined:undefined:undefined:undefined":5,"s:118:4:120:Infinity":16,"b:118:8:118:19:118:19:118:40":6,"s:119:6:119:Infinity":17,"s:135:8:135:Infinity":18,"s:150:4:164:Infinity":19,"s:166:4:166:Infinity":20,"s:167:4:167:Infinity":21,"s:174:33:190:Infinity":22,"f:174:33:174:Infinity":6,"s:177:2:189:Infinity":23,"s:178:19:183:Infinity":24,"s:185:4:185:Infinity":25,"s:187:4:187:Infinity":26,"s:188:4:188:Infinity":27,"s:195:34:211:Infinity":28,"f:195:34:195:Infinity":7,"s:198:2:210:Infinity":29,"s:199:19:204:Infinity":30,"s:206:4:206:Infinity":31,"s:208:4:208:Infinity":32,"s:209:4:209:Infinity":33,"s:216:30:233:Infinity":34,"f:216:30:216:Infinity":8,"s:220:2:232:Infinity":35,"s:221:19:226:Infinity":36,"s:228:4:228:Infinity":37,"s:230:4:230:Infinity":38,"s:231:4:231:Infinity":39,"s:238:31:254:Infinity":40,"f:238:31:238:Infinity":9,"s:241:2:253:Infinity":41,"s:242:19:247:Infinity":42,"s:249:4:249:Infinity":43,"s:251:4:251:Infinity":44,"s:252:4:252:Infinity":45,"s:259:36:275:Infinity":46,"f:259:36:259:Infinity":10,"s:262:2:274:Infinity":47,"s:263:19:268:Infinity":48,"s:270:4:270:Infinity":49,"s:272:4:272:Infinity":50,"s:273:4:273:Infinity":51,"s:280:32:296:Infinity":52,"f:280:32:280:Infinity":11,"s:283:2:295:Infinity":53,"s:284:19:289:Infinity":54,"s:291:4:291:Infinity":55,"s:293:4:293:Infinity":56,"s:294:4:294:Infinity":57}}}
,"D:\\Dex-EC\\datn\\src\\lib\\contracts\\profile.ts": {"path":"D:\\Dex-EC\\datn\\src\\lib\\contracts\\profile.ts","statementMap":{"0":{"start":{"line":20,"column":31},"end":{"line":31,"column":null}},"1":{"start":{"line":23,"column":55},"end":{"line":23,"column":null}},"2":{"start":{"line":25,"column":2},"end":{"line":30,"column":null}},"3":{"start":{"line":36,"column":29},"end":{"line":54,"column":null}},"4":{"start":{"line":39,"column":65},"end":{"line":39,"column":null}},"5":{"start":{"line":41,"column":2},"end":{"line":53,"column":null}},"6":{"start":{"line":59,"column":33},"end":{"line":68,"column":null}},"7":{"start":{"line":62,"column":2},"end":{"line":67,"column":null}},"8":{"start":{"line":73,"column":33},"end":{"line":82,"column":null}},"9":{"start":{"line":76,"column":2},"end":{"line":81,"column":null}},"10":{"start":{"line":89,"column":30},"end":{"line":134,"column":null}},"11":{"start":{"line":92,"column":2},"end":{"line":133,"column":null}},"12":{"start":{"line":93,"column":19},"end":{"line":98,"column":null}},"13":{"start":{"line":100,"column":4},"end":{"line":102,"column":null}},"14":{"start":{"line":101,"column":6},"end":{"line":101,"column":null}},"15":{"start":{"line":116,"column":8},"end":{"line":116,"column":null}},"16":{"start":{"line":118,"column":4},"end":{"line":129,"column":null}},"17":{"start":{"line":131,"column":4},"end":{"line":131,"column":null}},"18":{"start":{"line":132,"column":4},"end":{"line":132,"column":null}},"19":{"start":{"line":139,"column":23},"end":{"line":152,"column":null}},"20":{"start":{"line":140,"column":2},"end":{"line":151,"column":null}},"21":{"start":{"line":141,"column":19},"end":{"line":146,"column":null}},"22":{"start":{"line":147,"column":4},"end":{"line":147,"column":null}},"23":{"start":{"line":149,"column":4},"end":{"line":149,"column":null}},"24":{"start":{"line":150,"column":4},"end":{"line":150,"column":null}},"25":{"start":{"line":157,"column":24},"end":{"line":170,"column":null}},"26":{"start":{"line":158,"column":2},"end":{"line":169,"column":null}},"27":{"start":{"line":159,"column":19},"end":{"line":164,"column":null}},"28":{"start":{"line":165,"column":4},"end":{"line":165,"column":null}},"29":{"start":{"line":167,"column":4},"end":{"line":167,"column":null}},"30":{"start":{"line":168,"column":4},"end":{"line":168,"column":null}},"31":{"start":{"line":175,"column":31},"end":{"line":188,"column":null}},"32":{"start":{"line":176,"column":2},"end":{"line":187,"column":null}},"33":{"start":{"line":177,"column":19},"end":{"line":182,"column":null}},"34":{"start":{"line":183,"column":4},"end":{"line":183,"column":null}},"35":{"start":{"line":185,"column":4},"end":{"line":185,"column":null}},"36":{"start":{"line":186,"column":4},"end":{"line":186,"column":null}},"37":{"start":{"line":193,"column":30},"end":{"line":215,"column":null}},"38":{"start":{"line":196,"column":2},"end":{"line":214,"column":null}},"39":{"start":{"line":197,"column":19},"end":{"line":202,"column":null}},"40":{"start":{"line":204,"column":35},"end":{"line":204,"column":null}},"41":{"start":{"line":206,"column":4},"end":{"line":210,"column":null}},"42":{"start":{"line":212,"column":4},"end":{"line":212,"column":null}},"43":{"start":{"line":213,"column":4},"end":{"line":213,"column":null}}},"fnMap":{"0":{"name":"(anonymous_0)","decl":{"start":{"line":20,"column":31},"end":{"line":20,"column":null}},"loc":{"start":{"line":22,"column":27},"end":{"line":31,"column":null}},"line":22},"1":{"name":"(anonymous_1)","decl":{"start":{"line":36,"column":29},"end":{"line":36,"column":null}},"loc":{"start":{"line":38,"column":27},"end":{"line":54,"column":null}},"line":38},"2":{"name":"(anonymous_2)","decl":{"start":{"line":59,"column":33},"end":{"line":59,"column":null}},"loc":{"start":{"line":61,"column":27},"end":{"line":68,"column":null}},"line":61},"3":{"name":"(anonymous_3)","decl":{"start":{"line":73,"column":33},"end":{"line":73,"column":null}},"loc":{"start":{"line":75,"column":27},"end":{"line":82,"column":null}},"line":75},"4":{"name":"(anonymous_4)","decl":{"start":{"line":89,"column":30},"end":{"line":89,"column":null}},"loc":{"start":{"line":91,"column":34},"end":{"line":134,"column":null}},"line":91},"5":{"name":"(anonymous_5)","decl":{"start":{"line":139,"column":23},"end":{"line":139,"column":30}},"loc":{"start":{"line":139,"column":68},"end":{"line":152,"column":null}},"line":139},"6":{"name":"(anonymous_6)","decl":{"start":{"line":157,"column":24},"end":{"line":157,"column":31}},"loc":{"start":{"line":157,"column":69},"end":{"line":170,"column":null}},"line":157},"7":{"name":"(anonymous_7)","decl":{"start":{"line":175,"column":31},"end":{"line":175,"column":38}},"loc":{"start":{"line":175,"column":76},"end":{"line":188,"column":null}},"line":175},"8":{"name":"(anonymous_8)","decl":{"start":{"line":193,"column":30},"end":{"line":193,"column":null}},"loc":{"start":{"line":195,"column":71},"end":{"line":215,"column":null}},"line":195}},"branchMap":{"0":{"loc":{"start":{"line":46,"column":8},"end":{"line":46,"column":null}},"type":"binary-expr","locations":[{"start":{"line":46,"column":8},"end":{"line":46,"column":16}},{"start":{"line":46,"column":16},"end":{"line":46,"column":null}}],"line":46},"1":{"loc":{"start":{"line":47,"column":8},"end":{"line":47,"column":null}},"type":"binary-expr","locations":[{"start":{"line":47,"column":8},"end":{"line":47,"column":19}},{"start":{"line":47,"column":19},"end":{"line":47,"column":null}}],"line":47},"2":{"loc":{"start":{"line":48,"column":8},"end":{"line":48,"column":null}},"type":"binary-expr","locations":[{"start":{"line":48,"column":8},"end":{"line":48,"column":17}},{"start":{"line":48,"column":17},"end":{"line":48,"column":null}}],"line":48},"3":{"loc":{"start":{"line":49,"column":8},"end":{"line":49,"column":null}},"type":"binary-expr","locations":[{"start":{"line":49,"column":8},"end":{"line":49,"column":19}},{"start":{"line":49,"column":19},"end":{"line":49,"column":null}}],"line":49},"4":{"loc":{"start":{"line":50,"column":8},"end":{"line":50,"column":null}},"type":"binary-expr","locations":[{"start":{"line":50,"column":8},"end":{"line":50,"column":15}},{"start":{"line":50,"column":15},"end":{"line":50,"column":null}}],"line":50},"5":{"loc":{"start":{"line":100,"column":4},"end":{"line":102,"column":null}},"type":"if","locations":[{"start":{"line":100,"column":4},"end":{"line":102,"column":null}},{"start":{},"end":{}}],"line":100},"6":{"loc":{"start":{"line":100,"column":8},"end":{"line":100,"column":40}},"type":"binary-expr","locations":[{"start":{"line":100,"column":8},"end":{"line":100,"column":19}},{"start":{"line":100,"column":19},"end":{"line":100,"column":40}}],"line":100}},"s":{"0":1,"1":2,"2":2,"3":1,"4":3,"5":3,"6":1,"7":2,"8":1,"9":1,"10":1,"11":3,"12":3,"13":2,"14":1,"15":1,"16":1,"17":1,"18":1,"19":1,"20":2,"21":2,"22":1,"23":1,"24":1,"25":1,"26":1,"27":1,"28":1,"29":0,"30":0,"31":1,"32":1,"33":1,"34":1,"35":0,"36":0,"37":1,"38":2,"39":2,"40":1,"41":1,"42":1,"43":1},"f":{"0":2,"1":3,"2":2,"3":1,"4":3,"5":2,"6":1,"7":1,"8":2},"b":{"0":[3,2],"1":[3,2],"2":[3,2],"3":[3,2],"4":[3,2],"5":[1,1],"6":[2,2]},"meta":{"lastBranch":7,"lastFunction":9,"lastStatement":44,"seen":{"s:20:31:31:Infinity":0,"f:20:31:20:Infinity":0,"s:23:55:23:Infinity":1,"s:25:2:30:Infinity":2,"s:36:29:54:Infinity":3,"f:36:29:36:Infinity":1,"s:39:65:39:Infinity":4,"s:41:2:53:Infinity":5,"b:46:8:46:16:46:16:46:Infinity":0,"b:47:8:47:19:47:19:47:Infinity":1,"b:48:8:48:17:48:17:48:Infinity":2,"b:49:8:49:19:49:19:49:Infinity":3,"b:50:8:50:15:50:15:50:Infinity":4,"s:59:33:68:Infinity":6,"f:59:33:59:Infinity":2,"s:62:2:67:Infinity":7,"s:73:33:82:Infinity":8,"f:73:33:73:Infinity":3,"s:76:2:81:Infinity":9,"s:89:30:134:Infinity":10,"f:89:30:89:Infinity":4,"s:92:2:133:Infinity":11,"s:93:19:98:Infinity":12,"b:100:4:102:Infinity:undefined:undefined:undefined:undefined":5,"s:100:4:102:Infinity":13,"b:100:8:100:19:100:19:100:40":6,"s:101:6:101:Infinity":14,"s:116:8:116:Infinity":15,"s:118:4:129:Infinity":16,"s:131:4:131:Infinity":17,"s:132:4:132:Infinity":18,"s:139:23:152:Infinity":19,"f:139:23:139:30":5,"s:140:2:151:Infinity":20,"s:141:19:146:Infinity":21,"s:147:4:147:Infinity":22,"s:149:4:149:Infinity":23,"s:150:4:150:Infinity":24,"s:157:24:170:Infinity":25,"f:157:24:157:31":6,"s:158:2:169:Infinity":26,"s:159:19:164:Infinity":27,"s:165:4:165:Infinity":28,"s:167:4:167:Infinity":29,"s:168:4:168:Infinity":30,"s:175:31:188:Infinity":31,"f:175:31:175:38":7,"s:176:2:187:Infinity":32,"s:177:19:182:Infinity":33,"s:183:4:183:Infinity":34,"s:185:4:185:Infinity":35,"s:186:4:186:Infinity":36,"s:193:30:215:Infinity":37,"f:193:30:193:Infinity":8,"s:196:2:214:Infinity":38,"s:197:19:202:Infinity":39,"s:204:35:204:Infinity":40,"s:206:4:210:Infinity":41,"s:212:4:212:Infinity":42,"s:213:4:213:Infinity":43}}}
}
